<?xml version="1.0" encoding="UTF-8"?>
<!-- Generated by org.testng.reporters.JUnitReportReporter -->
<testsuite hostname="DESKTOP-DUQ488G" failures="0" tests="1" name="demo.POSTDemo" time="1.562" errors="0" timestamp="2023-05-25T19:00:23 EDT" skipped="0">
  <testcase classname="demo.POSTDemo" name="createResource" time="1.562"/>
  <system-out/>
</testsuite> <!-- demo.POSTDemo -->
