<?xml version="1.0" encoding="UTF-8"?>
<!-- Generated by org.testng.reporters.JUnitReportReporter -->
<testsuite hostname="DESKTOP-DUQ488G" failures="0" tests="1" name="demo.PUTDemo" time="1.887" errors="0" timestamp="2023-05-25T19:04:11 EDT" skipped="0">
  <testcase classname="demo.PUTDemo" name="updateResource" time="1.887"/>
  <system-out/>
</testsuite> <!-- demo.PUTDemo -->
