<?xml version="1.0" encoding="UTF-8"?>
<!-- Generated by org.testng.reporters.JUnitReportReporter -->
<testsuite hostname="DESKTOP-DUQ488G" failures="0" tests="1" name="demo.GETDemo" time="2.204" errors="0" timestamp="2023-05-23T20:27:08 EDT" skipped="0">
  <testcase classname="demo.GETDemo" name="getAllCountries" time="2.204"/>
  <system-out/>
</testsuite> <!-- demo.GETDemo -->
