<?xml version="1.0" encoding="UTF-8"?>
<!-- Generated by org.testng.reporters.JUnitReportReporter -->
<testsuite hostname="DESKTOP-DUQ488G" failures="0" tests="1" name="demo.DELETEDemo" time="1.814" errors="0" timestamp="2023-05-25T19:07:10 EDT" skipped="0">
  <testcase classname="demo.DELETEDemo" name="deleteResource" time="1.814"/>
  <system-out/>
</testsuite> <!-- demo.DELETEDemo -->
